<?xml version="1.0" encoding="UTF-8"?>
<!-- Generated by org.testng.reporters.JUnitXMLReporter -->
<testsuite ignored="1" hostname="SrivasuPrasad" failures="1" tests="1" name="TestRunner2" time="0.676" errors="0" timestamp="2022-06-24T12:47:20 IST">
  <testcase classname="com.crm.vtiger.contacts.CreateNewContactWithLeadTypeTest" name="createNewContactwithLeadTypTest" time="0.621">
    <failure type="java.lang.NullPointerException" message="Cannot invoke &amp;quot;org.openqa.selenium.WebDriver.manage()&amp;quot; because &amp;quot;driver&amp;quot; is null">
      <![CDATA[java.lang.NullPointerException: Cannot invoke "org.openqa.selenium.WebDriver.manage()" because "driver" is null
at com.vtiger.genericLib.WebDriverCommonLibraries.waitForPageGetLoad(WebDriverCommonLibraries.java:38)
at com.crm.vtiger.contacts.CreateNewContactWithLeadTypeTest.createNewContactwithLeadTypTest(CreateNewContactWithLeadTypeTest.java:48)
at java.base/java.util.ArrayList.forEach(ArrayList.java:1511)
... Removed 27 stack frames]]>
    </failure>
  </testcase> <!-- createNewContactwithLeadTypTest -->
  <testcase classname="com.crm.vtiger.contacts.CreateNewContactWithOrganizationNameTest" name="createContactwithOrg" time="0.0">
    <ignored/>
  </testcase> <!-- createContactwithOrg -->
</testsuite> <!-- TestRunner2 -->
