<?xml version="1.0" encoding="UTF-8"?>
<!-- Generated by org.testng.reporters.JUnitXMLReporter -->
<testsuite ignored="1" hostname="SrivasuPrasad" failures="0" tests="1" name="Test1" time="2.131" errors="0" timestamp="2022-06-24T12:47:20 IST">
  <testcase classname="com.crm.vtiger.organization.CreateNewOrganizationTest" name="createNewOrg" time="1.888"/>
  <testcase classname="com.crm.vtiger.contacts.CreateNewContactsTest" name="createContactTest" time="0.0">
    <ignored/>
  </testcase> <!-- createContactTest -->
</testsuite> <!-- Test1 -->
