<?xml version="1.0" encoding="UTF-8"?>
<!-- Generated by org.testng.reporters.JUnitXMLReporter -->
<testsuite ignored="2" hostname="SrivasuPrasad" failures="0" tests="2" name="Test2" time="104.868" errors="0" timestamp="2022-06-16T17:31:45 IST">
  <testcase classname="com.crm.vtiger.contacts.CreateNewContactWithLeadTypeTest" name="createNewContactwithLeadTypTest" time="19.03"/>
  <testcase classname="com.crm.vtiger.contacts.CreateNewContactWithOrganizationNameTest" name="createContactwithOrg" time="6.559"/>
  <testcase classname="com.vtiger.genericLib.BaseClass" name="@AfterSuite closeDbConfig" time="0.0">
    <ignored/>
  </testcase> <!-- @AfterSuite closeDbConfig -->
  <testcase classname="com.vtiger.genericLib.BaseClass" name="@BeforeTest dbConfig" time="0.0">
    <ignored/>
  </testcase> <!-- @BeforeTest dbConfig -->
</testsuite> <!-- Test2 -->
