# JRE version: OpenJDK Runtime Environment (16.0.1+9) (build 16.0.1+9-24)
# Java VM: OpenJDK 64-Bit Server VM (16.0.1+9-24, mixed mode, tiered, compressed oops, compressed class ptrs, g1 gc, windows-amd64)
GC Precious Log:
 CPUs: 4 total, 4 available
 Memory: 3977M
 Large Page Support: Disabled
 NUMA Support: Disabled
 Compressed Oops: Enabled (32-bit)
 Heap Region Size: 1M
 Heap Min Capacity: 8M
 Heap Initial Capacity: 64M
 Heap Max Capacity: 996M
 Pre-touch: Disabled
 Parallel Workers: 4
 Concurrent Workers: 1
 Concurrent Refinement Workers: 4
 Periodic GC: Disabled
Heap:
 garbage-first heap   total 40960K, used 18240K [0x00000000c1c00000, 0x0000000100000000)
  region size 1024K, 8 young (8192K), 2 survivors (2048K)
 Metaspace       used 33898K, committed 34176K, reserved 1081344K
  class space    used 3704K, committed 3840K, reserved 1048576K
GC Heap History (12 events):
Event: 0.867 GC heap before
{Heap before GC invocations=0 (full 0):
 garbage-first heap   total 65536K, used 14336K [0x00000000c1c00000, 0x0000000100000000)
  region size 1024K, 13 young (13312K), 0 survivors (0K)
 Metaspace       used 12899K, committed 13056K, reserved 1064960K
  class space    used 1210K, committed 1280K, reserved 1048576K
}
Event: 0.872 GC heap after
{Heap after GC invocations=1 (full 0):
 garbage-first heap   total 65536K, used 4954K [0x00000000c1c00000, 0x0000000100000000)
  region size 1024K, 2 young (2048K), 2 survivors (2048K)
 Metaspace       used 12899K, committed 13056K, reserved 1064960K
  class space    used 1210K, committed 1280K, reserved 1048576K
}
Event: 1.452 GC heap before
{Heap before GC invocations=1 (full 0):
 garbage-first heap   total 65536K, used 15194K [0x00000000c1c00000, 0x0000000100000000)
  region size 1024K, 13 young (13312K), 2 survivors (2048K)
 Metaspace       used 17056K, committed 17280K, reserved 1064960K
  class space    used 1672K, committed 1792K, reserved 1048576K
}
Event: 1.457 GC heap after
{Heap after GC invocations=2 (full 0):
 garbage-first heap   total 65536K, used 6469K [0x00000000c1c00000, 0x0000000100000000)
  region size 1024K, 2 young (2048K), 2 survivors (2048K)
 Metaspace       used 17056K, committed 17280K, reserved 1064960K
  class space    used 1672K, committed 1792K, reserved 1048576K
}
Event: 1.881 GC heap before
{Heap before GC invocations=2 (full 0):
 garbage-first heap   total 65536K, used 19781K [0x00000000c1c00000, 0x0000000100000000)
  region size 1024K, 17 young (17408K), 2 survivors (2048K)
 Metaspace       used 21056K, committed 21248K, reserved 1073152K
  class space    used 2142K, committed 2240K, reserved 1048576K
}
Event: 1.887 GC heap after
{Heap after GC invocations=3 (full 0):
 garbage-first heap   total 65536K, used 8399K [0x00000000c1c00000, 0x0000000100000000)
  region size 1024K, 4 young (4096K), 4 survivors (4096K)
 Metaspace       used 21056K, committed 21248K, reserved 1073152K
  class space    used 2142K, committed 2240K, reserved 1048576K
}
Event: 2.731 GC heap before
{Heap before GC invocations=4 (full 0):
 garbage-first heap   total 34816K, used 33999K [0x00000000c1c00000, 0x0000000100000000)
  region size 1024K, 29 young (29696K), 4 survivors (4096K)
 Metaspace       used 25399K, committed 25664K, reserved 1073152K
  class space    used 2610K, committed 2752K, reserved 1048576K
}
Event: 2.739 GC heap after
{Heap after GC invocations=5 (full 0):
 garbage-first heap   total 40960K, used 10009K [0x00000000c1c00000, 0x0000000100000000)
  region size 1024K, 4 young (4096K), 4 survivors (4096K)
 Metaspace       used 25399K, committed 25664K, reserved 1073152K
  class space    used 2610K, committed 2752K, reserved 1048576K
}
Event: 3.372 GC heap before
{Heap before GC invocations=5 (full 0):
 garbage-first heap   total 40960K, used 27417K [0x00000000c1c00000, 0x0000000100000000)
  region size 1024K, 21 young (21504K), 4 survivors (4096K)
 Metaspace       used 29794K, committed 30016K, reserved 1081344K
  class space    used 3154K, committed 3264K, reserved 1048576K
}
Event: 3.379 GC heap after
{Heap after GC invocations=6 (full 0):
 garbage-first heap   total 40960K, used 11796K [0x00000000c1c00000, 0x0000000100000000)
  region size 1024K, 3 young (3072K), 3 survivors (3072K)
 Metaspace       used 29794K, committed 30016K, reserved 1081344K
  class space    used 3154K, committed 3264K, reserved 1048576K
}
Event: 31.619 GC heap before
{Heap before GC invocations=6 (full 0):
 garbage-first heap   total 40960K, used 27156K [0x00000000c1c00000, 0x0000000100000000)
  region size 1024K, 19 young (19456K), 3 survivors (3072K)
 Metaspace       used 33671K, committed 33920K, reserved 1081344K
  class space    used 3683K, committed 3776K, reserved 1048576K
}
Event: 31.624 GC heap after
{Heap after GC invocations=7 (full 0):
 garbage-first heap   total 40960K, used 13120K [0x00000000c1c00000, 0x0000000100000000)
  region size 1024K, 2 young (2048K), 2 survivors (2048K)
 Metaspace       used 33671K, committed 33920K, reserved 1081344K
  class space    used 3683K, committed 3776K, reserved 1048576K
}

